<?xml version="1.0" encoding="UTF-8"?>
<!-- Generated by org.testng.reporters.JUnitXMLReporter -->
<testsuite hostname="DESKTOP-ACQBDU5" ignored="0" name="Default test" tests="5" failures="0" timestamp="09 Mar 2020 10:27:22 GMT" time="107.757" errors="0">
  <testcase name="validLoginTest" time="3.118" classname="com.training.sanity.tests.Multipleinputs"/>
  <testcase name="validLoginTest" time="3.084" classname="com.training.sanity.tests.Multipleinputs"/>
  <testcase name="validLoginTest" time="3.699" classname="com.training.sanity.tests.Multipleinputs"/>
  <testcase name="validLoginTest" time="2.5" classname="com.training.sanity.tests.Multipleinputs"/>
  <testcase name="validLoginTest" time="2.597" classname="com.training.sanity.tests.Multipleinputs"/>
</testsuite> <!-- Default test -->
