<?xml version="1.0" encoding="UTF-8"?>
<!-- Generated by org.testng.reporters.JUnitXMLReporter -->
<testsuite hostname="DESKTOP-ACQBDU5" ignored="0" name="Default test" tests="5" failures="0" timestamp="09 Mar 2020 11:08:28 GMT" time="115.773" errors="0">
  <testcase name="validLoginTest" time="4.111" classname="com.training.sanity.tests.Multipleinputs"/>
  <testcase name="validLoginTest" time="5.425" classname="com.training.sanity.tests.Multipleinputs"/>
  <testcase name="validLoginTest" time="4.297" classname="com.training.sanity.tests.Multipleinputs"/>
  <testcase name="validLoginTest" time="4.259" classname="com.training.sanity.tests.Multipleinputs"/>
  <testcase name="validLoginTest" time="4.286" classname="com.training.sanity.tests.Multipleinputs"/>
</testsuite> <!-- Default test -->
